# JRE version: Java(TM) SE Runtime Environment (23.0.2+7) (build 23.0.2+7-58)
# Java VM: Java HotSpot(TM) 64-Bit Server VM (23.0.2+7-58, mixed mode, emulated-client, sharing, tiered, compressed oops, compressed class ptrs, g1 gc, windows-amd64)
GC Precious Log:
 CardTable entry size: 512
 Card Set container configuration: InlinePtr #cards 5 size 8 Array Of Cards #cards 10 size 36 Howl #buckets 4 coarsen threshold 1843 Howl Bitmap #cards 512 size 80 coarsen threshold 460 Card regions per heap region 1 cards per card region 2048
 CPUs: 12 total, 12 available
 Memory: 7955M
 Large Page Support: Disabled
 NUMA Support: Disabled
 Compressed Oops: Enabled (32-bit)
 Heap Region Size: 1M
 Heap Min Capacity: 8M
 Heap Initial Capacity: 126M
 Heap Max Capacity: 1990M
 Pre-touch: Disabled
 Parallel Workers: 10
 Concurrent Workers: 3
 Concurrent Refinement Workers: 10
 Periodic GC: Disabled
Heap:
 garbage-first heap   total reserved 2037760K, committed 78848K, used 65030K [0x0000000083a00000, 0x0000000100000000)
  region size 1024K, 20 young (20480K), 1 survivors (1024K)
 Metaspace       used 85044K, committed 86272K, reserved 1179648K
  class space    used 12659K, committed 13120K, reserved 1048576K
GC Heap History (20 events):
Event: 7.554 GC heap after
{Heap after GC invocations=25 (full 0):
 garbage-first heap   total reserved 2037760K, committed 67584K, used 36326K [0x0000000083a00000, 0x0000000100000000)
  region size 1024K, 2 young (2048K), 2 survivors (2048K)
 Metaspace       used 69921K, committed 70720K, reserved 1114112K
  class space    used 10281K, committed 10624K, reserved 1048576K
}
Event: 8.130 GC heap before
{Heap before GC invocations=26 (full 0):
 garbage-first heap   total reserved 2037760K, committed 67584K, used 59878K [0x0000000083a00000, 0x0000000100000000)
  region size 1024K, 26 young (26624K), 2 survivors (2048K)
 Metaspace       used 71656K, committed 72384K, reserved 1114112K
  class space    used 10656K, committed 10944K, reserved 1048576K
}
Event: 8.133 GC heap after
{Heap after GC invocations=27 (full 0):
 garbage-first heap   total reserved 2037760K, committed 67584K, used 37544K [0x0000000083a00000, 0x0000000100000000)
  region size 1024K, 4 young (4096K), 4 survivors (4096K)
 Metaspace       used 71656K, committed 72384K, reserved 1114112K
  class space    used 10656K, committed 10944K, reserved 1048576K
}
Event: 8.565 GC heap before
{Heap before GC invocations=27 (full 0):
 garbage-first heap   total reserved 2037760K, committed 67584K, used 57000K [0x0000000083a00000, 0x0000000100000000)
  region size 1024K, 24 young (24576K), 4 survivors (4096K)
 Metaspace       used 73312K, committed 74048K, reserved 1114112K
  class space    used 10880K, committed 11200K, reserved 1048576K
}
Event: 8.568 GC heap after
{Heap after GC invocations=28 (full 0):
 garbage-first heap   total reserved 2037760K, committed 67584K, used 38066K [0x0000000083a00000, 0x0000000100000000)
  region size 1024K, 2 young (2048K), 2 survivors (2048K)
 Metaspace       used 73312K, committed 74048K, reserved 1114112K
  class space    used 10880K, committed 11200K, reserved 1048576K
}
Event: 8.896 GC heap before
{Heap before GC invocations=28 (full 0):
 garbage-first heap   total reserved 2037760K, committed 67584K, used 60594K [0x0000000083a00000, 0x0000000100000000)
  region size 1024K, 24 young (24576K), 2 survivors (2048K)
 Metaspace       used 75484K, committed 76288K, reserved 1114112K
  class space    used 11208K, committed 11584K, reserved 1048576K
}
Event: 8.899 GC heap after
{Heap after GC invocations=29 (full 0):
 garbage-first heap   total reserved 2037760K, committed 67584K, used 39787K [0x0000000083a00000, 0x0000000100000000)
  region size 1024K, 3 young (3072K), 3 survivors (3072K)
 Metaspace       used 75484K, committed 76288K, reserved 1114112K
  class space    used 11208K, committed 11584K, reserved 1048576K
}
Event: 9.136 GC heap before
{Heap before GC invocations=30 (full 0):
 garbage-first heap   total reserved 2037760K, committed 68608K, used 59243K [0x0000000083a00000, 0x0000000100000000)
  region size 1024K, 22 young (22528K), 3 survivors (3072K)
 Metaspace       used 77016K, committed 77760K, reserved 1179648K
  class space    used 11462K, committed 11776K, reserved 1048576K
}
Event: 9.138 GC heap after
{Heap after GC invocations=31 (full 0):
 garbage-first heap   total reserved 2037760K, committed 68608K, used 42200K [0x0000000083a00000, 0x0000000100000000)
  region size 1024K, 3 young (3072K), 3 survivors (3072K)
 Metaspace       used 77016K, committed 77760K, reserved 1179648K
  class space    used 11462K, committed 11776K, reserved 1048576K
}
Event: 9.337 GC heap before
{Heap before GC invocations=31 (full 0):
 garbage-first heap   total reserved 2037760K, committed 68608K, used 60632K [0x0000000083a00000, 0x0000000100000000)
  region size 1024K, 21 young (21504K), 3 survivors (3072K)
 Metaspace       used 79065K, committed 79872K, reserved 1179648K
  class space    used 11782K, committed 12160K, reserved 1048576K
}
Event: 9.341 GC heap after
{Heap after GC invocations=32 (full 0):
 garbage-first heap   total reserved 2037760K, committed 68608K, used 44286K [0x0000000083a00000, 0x0000000100000000)
  region size 1024K, 3 young (3072K), 3 survivors (3072K)
 Metaspace       used 79065K, committed 79872K, reserved 1179648K
  class space    used 11782K, committed 12160K, reserved 1048576K
}
Event: 17.704 GC heap before
{Heap before GC invocations=32 (full 0):
 garbage-first heap   total reserved 2037760K, committed 68608K, used 59646K [0x0000000083a00000, 0x0000000100000000)
  region size 1024K, 19 young (19456K), 3 survivors (3072K)
 Metaspace       used 82115K, committed 82944K, reserved 1179648K
  class space    used 12223K, committed 12608K, reserved 1048576K
}
Event: 17.707 GC heap after
{Heap after GC invocations=33 (full 0):
 garbage-first heap   total reserved 2037760K, committed 68608K, used 44441K [0x0000000083a00000, 0x0000000100000000)
  region size 1024K, 1 young (1024K), 1 survivors (1024K)
 Metaspace       used 82115K, committed 82944K, reserved 1179648K
  class space    used 12223K, committed 12608K, reserved 1048576K
}
Event: 46.805 GC heap before
{Heap before GC invocations=34 (full 0):
 garbage-first heap   total reserved 2037760K, committed 75776K, used 60825K [0x0000000083a00000, 0x0000000100000000)
  region size 1024K, 18 young (18432K), 1 survivors (1024K)
 Metaspace       used 83761K, committed 84672K, reserved 1179648K
  class space    used 12465K, committed 12864K, reserved 1048576K
}
Event: 46.807 GC heap after
{Heap after GC invocations=35 (full 0):
 garbage-first heap   total reserved 2037760K, committed 75776K, used 46100K [0x0000000083a00000, 0x0000000100000000)
  region size 1024K, 3 young (3072K), 3 survivors (3072K)
 Metaspace       used 83761K, committed 84672K, reserved 1179648K
  class space    used 12465K, committed 12864K, reserved 1048576K
}
Event: 67.255 GC heap before
{Heap before GC invocations=35 (full 0):
 garbage-first heap   total reserved 2037760K, committed 75776K, used 66580K [0x0000000083a00000, 0x0000000100000000)
  region size 1024K, 23 young (23552K), 3 survivors (3072K)
 Metaspace       used 85041K, committed 86016K, reserved 1179648K
  class space    used 12683K, committed 13120K, reserved 1048576K
}
Event: 67.262 GC heap after
{Heap after GC invocations=36 (full 0):
 garbage-first heap   total reserved 2037760K, committed 75776K, used 47219K [0x0000000083a00000, 0x0000000100000000)
  region size 1024K, 2 young (2048K), 2 survivors (2048K)
 Metaspace       used 85041K, committed 86016K, reserved 1179648K
  class space    used 12683K, committed 13120K, reserved 1048576K
}
Event: 82.431 GC heap before
{Heap before GC invocations=36 (full 0):
 garbage-first heap   total reserved 2037760K, committed 75776K, used 66675K [0x0000000083a00000, 0x0000000100000000)
  region size 1024K, 22 young (22528K), 2 survivors (2048K)
 Metaspace       used 85287K, committed 86272K, reserved 1179648K
  class space    used 12729K, committed 13120K, reserved 1048576K
}
Event: 82.433 GC heap after
{Heap after GC invocations=37 (full 0):
 garbage-first heap   total reserved 2037760K, committed 75776K, used 46598K [0x0000000083a00000, 0x0000000100000000)
  region size 1024K, 1 young (1024K), 1 survivors (1024K)
 Metaspace       used 85287K, committed 86272K, reserved 1179648K
  class space    used 12729K, committed 13120K, reserved 1048576K
}
Event: 129.137 GC heap before
{Heap before GC invocations=38 (full 0):
 garbage-first heap   total reserved 2037760K, committed 78848K, used 65030K [0x0000000083a00000, 0x0000000100000000)
  region size 1024K, 20 young (20480K), 1 survivors (1024K)
 Metaspace       used 85044K, committed 86272K, reserved 1179648K
  class space    used 12659K, committed 13120K, reserved 1048576K
}

